Thu, 04 Feb 2021 09:55:29 GMT | ERROR  | HTTP 404: ask for:  http://localhost:3000/DLUList?Poisson=01%2F04%2F2022
Thu, 04 Feb 2021 10:00:40 GMT | ERROR  | HTTP 404: ask for:  http://localhost:3000/DLUList?Poisson=01%2F04%2F2022
Thu, 04 Feb 2021 10:04:07 GMT | ERROR  | HTTP 404: ask for:  http://localhost:3000/DLUList
Thu, 04 Feb 2021 10:06:02 GMT | ERROR  | HTTP 404: ask for:  http://localhost:3000/DLUList
Thu, 04 Feb 2021 10:08:57 GMT | ERROR  | HTTP 404: ask for:  http://localhost:3000/DLUList
Thu, 04 Feb 2021 10:10:16 GMT | ERROR  | HTTP 404: ask for:  http://localhost:3000/DLUList
Thu, 04 Feb 2021 10:12:36 GMT | ERROR  | HTTP 404: ask for:  http://localhost:3000/
Thu, 04 Feb 2021 10:14:07 GMT | ERROR  | HTTP 404: ask for:  http://localhost:3000/DLUList
Thu, 04 Feb 2021 10:14:07 GMT | ERROR  | HTTP 404: ask for:  http://localhost:3000/favicon.ico
Thu, 04 Feb 2021 10:28:18 GMT | ERROR  | HTTP 404: ask for:  http://localhost:3000/DLUList?Poisson=01%2F04%2F2022
Thu, 04 Feb 2021 10:31:10 GMT | ERROR  | HTTP 404: ask for:  http://localhost:3000/DLU?Poisson=01%2F04%2F2022
Thu, 04 Feb 2021 11:12:57 GMT | ERROR  | HTTP 404: ask for:  http://localhost:3000/DLUList
Thu, 04 Feb 2021 11:13:02 GMT | ERROR  | HTTP 404: ask for:  http://localhost:3000/DLU
Thu, 04 Feb 2021 11:30:39 GMT | ERROR  | HTTP 404: ask for:  http://localhost:3000/api/v1/DLUList/:601bd47b19c4873aabd08f67
Tue, 09 Feb 2021 16:15:45 GMT | ERROR  | HTTP 404: ask for:  http://localhost:3000/api/v1/DLUList
Tue, 23 Feb 2021 14:31:04 GMT | ERROR  | HTTP 404: ask for:  http://localhost:3000/
Tue, 23 Feb 2021 14:31:04 GMT | ERROR  | HTTP 404: ask for:  http://localhost:3000/favicon.ico
Tue, 23 Feb 2021 14:31:15 GMT | ERROR  | HTTP 404: ask for:  http://localhost:3000/DLU
Tue, 23 Feb 2021 14:33:09 GMT | ERROR  | HTTP 404: ask for:  http://localhost:3000/DLUs
Tue, 23 Feb 2021 14:33:58 GMT | ERROR  | HTTP 404: ask for:  http://localhost:3000/DLULists
Tue, 23 Feb 2021 14:44:27 GMT | ERROR  | HTTP 404: ask for:  http://localhost:3000/DLU
Tue, 23 Mar 2021 16:10:32 GMT | ERROR  | HTTP 404: ask for:  http://localhost:3000/api/v1/DLUs
Tue, 23 Mar 2021 16:10:32 GMT | ERROR  | HTTP 404: ask for:  http://localhost:3000/api/v1/DLUs
Tue, 23 Mar 2021 16:18:51 GMT | ERROR  | HTTP 404: ask for:  http://localhost:3000/api/v1/DLUs
Tue, 23 Mar 2021 16:18:51 GMT | ERROR  | HTTP 404: ask for:  http://localhost:3000/api/v1/DLUs
Tue, 23 Mar 2021 16:20:00 GMT | ERROR  | HTTP 404: ask for:  http://localhost:3000/api/v1/DLUs
Tue, 23 Mar 2021 16:20:53 GMT | ERROR  | HTTP 404: ask for:  http://localhost:3000/api/v1/DLUs
Tue, 23 Mar 2021 16:20:53 GMT | ERROR  | HTTP 404: ask for:  http://localhost:3000/api/v1/DLUs
Tue, 23 Mar 2021 16:22:55 GMT | ERROR  | HTTP 404: ask for:  http://localhost:3000/api/v1/DLUs
Tue, 23 Mar 2021 16:22:55 GMT | ERROR  | HTTP 404: ask for:  http://localhost:3000/api/v1/DLUs
Tue, 23 Mar 2021 16:23:48 GMT | ERROR  | HTTP 404: ask for:  http://localhost:3000/api/v1/DLUs
Tue, 23 Mar 2021 16:23:48 GMT | ERROR  | HTTP 404: ask for:  http://localhost:3000/api/v1/DLUs
Tue, 23 Mar 2021 16:25:51 GMT | ERROR  | HTTP 404: ask for:  http://localhost:3000/api/v1/DLUs
Tue, 23 Mar 2021 16:25:51 GMT | ERROR  | HTTP 404: ask for:  http://localhost:3000/api/v1/DLUs
Tue, 23 Mar 2021 16:26:07 GMT | ERROR  | HTTP 404: ask for:  http://localhost:3000/api/v1/DLUs
Tue, 23 Mar 2021 16:26:07 GMT | ERROR  | HTTP 404: ask for:  http://localhost:3000/api/v1/DLUs
Tue, 23 Mar 2021 16:26:42 GMT | ERROR  | HTTP 404: ask for:  http://localhost:3000/api/v1/DLU/null
Tue, 23 Mar 2021 16:26:48 GMT | ERROR  | HTTP 404: ask for:  http://localhost:3000/api/v1/DLUs
Tue, 23 Mar 2021 16:26:49 GMT | ERROR  | HTTP 404: ask for:  http://localhost:3000/api/v1/DLUs
Sun, 11 Apr 2021 13:25:09 GMT | ERROR  | HTTP 404: ask for:  http://localhost:3000/api/v1/DLUs
Sun, 11 Apr 2021 13:25:55 GMT | ERROR  | HTTP 404: ask for:  http://localhost:3000/api/v1/DLUs
Sun, 11 Apr 2021 13:28:01 GMT | ERROR  | HTTP 404: ask for:  http://localhost:3000/api/v1/DLUs
Sun, 11 Apr 2021 13:28:01 GMT | ERROR  | HTTP 404: ask for:  http://localhost:3000/api/v1/DLUs
Sun, 11 Apr 2021 13:28:09 GMT | ERROR  | HTTP 404: ask for:  http://localhost:3000/api/v1/DLUs
Sun, 11 Apr 2021 13:28:09 GMT | ERROR  | HTTP 404: ask for:  http://localhost:3000/api/v1/DLUs
Sun, 11 Apr 2021 13:30:58 GMT | ERROR  | HTTP 404: ask for:  http://localhost:3000/api/v1/DLUs
Sun, 11 Apr 2021 13:37:32 GMT | ERROR  | HTTP 404: ask for:  http://localhost:3000/api/v1/DLUs
Sun, 11 Apr 2021 13:38:12 GMT | ERROR  | HTTP 404: ask for:  http://localhost:3000/api/v1/DLUs
Sun, 11 Apr 2021 13:38:12 GMT | ERROR  | HTTP 404: ask for:  http://localhost:3000/api/v1/DLUs
Wed, 26 Jan 2022 08:31:52 GMT | ERROR  | HTTP 404: ask for:  http://localhost:3000/cas
Wed, 26 Jan 2022 08:55:08 GMT | ERROR  | HTTP 404: ask for:  http://localhost:3000/api/v1/cas:61f10b62468ce317213bad02
Wed, 26 Jan 2022 08:58:12 GMT | ERROR  | HTTP 404: ask for:  http://localhost:3000/api/v1/cas:61f107cce710101051dc27ab
Wed, 26 Jan 2022 08:58:30 GMT | ERROR  | HTTP 404: ask for:  http://localhost:3000/api/v1/cas:%2261f107cce710101051dc27ab%22
