Tue, 02 Feb 2021 15:48:05 GMT | INFO  | Server is running on port: 3000
Tue, 02 Feb 2021 15:52:50 GMT | INFO  | Server is running on port: 3000
Thu, 04 Feb 2021 09:48:06 GMT | INFO  | Server is running on port: 3000
Thu, 04 Feb 2021 09:48:06 GMT | INFO  | Connected to database
Thu, 04 Feb 2021 10:00:28 GMT | INFO  | Server is running on port: 3000
Thu, 04 Feb 2021 10:00:28 GMT | INFO  | Connected to database
Thu, 04 Feb 2021 10:05:36 GMT | INFO  | Server is running on port: 3000
Thu, 04 Feb 2021 10:05:36 GMT | INFO  | Connected to database
Thu, 04 Feb 2021 10:08:39 GMT | INFO  | Server is running on port: 3000
Thu, 04 Feb 2021 10:08:39 GMT | INFO  | Connected to database
Thu, 04 Feb 2021 10:09:51 GMT | INFO  | Server is running on port: 3000
Thu, 04 Feb 2021 10:09:51 GMT | INFO  | Connected to database
Thu, 04 Feb 2021 10:10:33 GMT | INFO  | Server is running on port: 3000
Thu, 04 Feb 2021 10:10:33 GMT | INFO  | Connected to database
Thu, 04 Feb 2021 10:24:12 GMT | INFO  | Server is running on port: 3000
Thu, 04 Feb 2021 10:24:12 GMT | INFO  | Connected to database
Thu, 04 Feb 2021 10:27:33 GMT | INFO  | Server is running on port: 3000
Thu, 04 Feb 2021 10:27:33 GMT | INFO  | Connected to database
Thu, 04 Feb 2021 10:30:27 GMT | INFO  | Server is running on port: 3000
Thu, 04 Feb 2021 10:30:27 GMT | INFO  | Connected to database
Thu, 04 Feb 2021 10:37:19 GMT | INFO  | Server is running on port: 3000
Thu, 04 Feb 2021 10:37:19 GMT | INFO  | Connected to database
Thu, 04 Feb 2021 10:38:24 GMT | INFO  | Server is running on port: 3000
Thu, 04 Feb 2021 10:38:24 GMT | INFO  | Connected to database
Thu, 04 Feb 2021 10:41:59 GMT | INFO  | Server is running on port: 3000
Thu, 04 Feb 2021 10:41:59 GMT | INFO  | Connected to database
Thu, 04 Feb 2021 10:43:28 GMT | INFO  | Server is running on port: 3000
Thu, 04 Feb 2021 10:43:28 GMT | INFO  | Connected to database
Thu, 04 Feb 2021 10:47:18 GMT | INFO  | Server is running on port: 3000
Thu, 04 Feb 2021 10:47:18 GMT | INFO  | Connected to database
Thu, 04 Feb 2021 10:52:27 GMT | INFO  | Server is running on port: 3000
Thu, 04 Feb 2021 10:52:27 GMT | INFO  | Connected to database
Thu, 04 Feb 2021 10:53:55 GMT | INFO  | Server is running on port: 3000
Thu, 04 Feb 2021 10:53:55 GMT | INFO  | Connected to database
Thu, 04 Feb 2021 10:54:43 GMT | INFO  | Server is running on port: 3000
Thu, 04 Feb 2021 10:54:43 GMT | INFO  | Connected to database
Thu, 04 Feb 2021 10:58:47 GMT | INFO  | Server is running on port: 3000
Thu, 04 Feb 2021 10:58:47 GMT | INFO  | Connected to database
Thu, 04 Feb 2021 11:02:47 GMT | INFO  | Server is running on port: 3000
Thu, 04 Feb 2021 11:02:47 GMT | INFO  | Connected to database
Thu, 04 Feb 2021 11:07:31 GMT | INFO  | Server is running on port: 3000
Thu, 04 Feb 2021 11:07:31 GMT | INFO  | Connected to database
Thu, 04 Feb 2021 11:17:51 GMT | INFO  | Server is running on port: 3000
Thu, 04 Feb 2021 11:17:51 GMT | INFO  | Connected to database
Thu, 04 Feb 2021 11:18:51 GMT | INFO  | Server is running on port: 3000
Thu, 04 Feb 2021 11:18:51 GMT | INFO  | Connected to database
Thu, 04 Feb 2021 11:20:29 GMT | INFO  | Server is running on port: 3000
Thu, 04 Feb 2021 11:20:29 GMT | INFO  | Connected to database
Thu, 04 Feb 2021 11:27:44 GMT | INFO  | Server is running on port: 3000
Thu, 04 Feb 2021 11:27:44 GMT | INFO  | Connected to database
Tue, 09 Feb 2021 15:25:25 GMT | INFO  | Server is running on port: 3000
Tue, 09 Feb 2021 15:25:25 GMT | INFO  | Connected to database
Tue, 09 Feb 2021 15:30:17 GMT | INFO  | Server is running on port: 3000
Tue, 09 Feb 2021 15:30:17 GMT | INFO  | Connected to database
Tue, 09 Feb 2021 15:57:00 GMT | INFO  | Server is running on port: 3000
Tue, 09 Feb 2021 15:57:00 GMT | INFO  | Connected to database
Tue, 09 Feb 2021 16:01:32 GMT | INFO  | Server is running on port: 3000
Tue, 09 Feb 2021 16:01:32 GMT | INFO  | Connected to database
Tue, 09 Feb 2021 16:11:37 GMT | INFO  | Server is running on port: 3000
Tue, 09 Feb 2021 16:11:37 GMT | INFO  | Connected to database
Tue, 23 Feb 2021 14:30:33 GMT | INFO  | Server is running on port: 3000
Tue, 23 Feb 2021 14:30:33 GMT | INFO  | Connected to database
Thu, 25 Feb 2021 10:41:29 GMT | INFO  | Server is running on port: 3000
Thu, 25 Feb 2021 11:13:35 GMT | INFO  | Server is running on port: 3000
Thu, 25 Feb 2021 11:13:35 GMT | INFO  | Connected to database
Thu, 18 Mar 2021 14:43:19 GMT | INFO  | Server is running on port: 3000
Thu, 18 Mar 2021 14:46:21 GMT | INFO  | Server is running on port: 3000
Thu, 18 Mar 2021 14:46:21 GMT | INFO  | Connected to database
Tue, 23 Mar 2021 13:49:57 GMT | INFO  | Server is running on port: 3000
Tue, 23 Mar 2021 13:52:32 GMT | INFO  | Server is running on port: 3000
Tue, 23 Mar 2021 13:52:32 GMT | INFO  | Connected to database
Tue, 23 Mar 2021 15:45:40 GMT | INFO  | Server is running on port: 3000
Tue, 23 Mar 2021 15:45:40 GMT | INFO  | Connected to database
Sun, 11 Apr 2021 13:23:47 GMT | INFO  | Server is running on port: 3000
Sun, 11 Apr 2021 13:23:47 GMT | INFO  | Connected to database
Tue, 25 Jan 2022 10:09:56 GMT | INFO  | Server is running on port: 3000
Tue, 25 Jan 2022 10:12:06 GMT | INFO  | Server is running on port: 3000
Tue, 25 Jan 2022 10:12:06 GMT | INFO  | Connected to database
Tue, 25 Jan 2022 10:14:42 GMT | INFO  | Server is running on port: 3000
